2024-06-24T17:13:23  refactor: simplify helper
2024-07-14T12:30:30  chore: routine maintenance
2024-08-10T19:47:37  docs: clarify usage notes
2024-08-14T14:04:44  test: add edge case
2024-09-10T09:21:51  refactor: tidy internals
2024-10-08T16:38:58  fix: handle empty input gracefully
2024-11-04T11:55:05  perf: micro-optimization
2024-12-02T18:12:12  style: formatting
2024-12-29T13:29:19  chore: bump dev tooling
2025-01-19T08:46:26  docs: expand examples
2025-02-15T15:03:33  test: strengthen coverage
2025-03-15T10:20:40  chore: tune defaults
2025-04-11T17:37:47  refactor: simplify helper
2025-04-15T12:54:54  chore: routine maintenance
2025-05-12T19:11:01  docs: clarify usage notes
2025-06-09T14:28:08  test: add edge case
2025-07-06T09:45:15  refactor: tidy internals
2025-08-02T16:02:22  fix: handle empty input gracefully
2025-08-23T11:19:29  perf: micro-optimization
2025-09-19T18:36:36  style: formatting
2025-10-17T13:53:43  chore: bump dev tooling
2025-11-13T08:10:50  docs: expand examples
2025-12-11T15:27:57  test: strengthen coverage
2026-01-07T10:44:04  chore: tune defaults
2026-01-11T17:01:11  refactor: simplify helper
2026-02-07T12:18:18  chore: routine maintenance
2026-02-28T19:35:25  docs: clarify usage notes
2026-03-27T14:52:32  test: add edge case
2026-04-24T09:09:39  refactor: tidy internals
2026-05-21T16:26:46  fix: handle empty input gracefully
